Build started 3/18/2016 2:44:13 PM.
     1>Project "C:\Users\obser\OneDrive\Documents\working\FDTD\FDTD-CUDA-2D\FDTD-2D-CUDA\FDTD-2D-CUDA\FDTD-2D-CUDA.vcxproj" on node 2 (Build target(s)).
     1>ClCompile:
         C:\Program Files (x86)\Microsoft Visual Studio 12.0\VC\bin\CL.exe /c /I"C:\Program Files\NVIDIA GPU Computing Toolkit\CUDA\v7.5\include" /ZI /nologo /W3 /WX- /Od /Oy- /D WIN32 /D _DEBUG /D _CONSOLE /D _MBCS /Gm /EHsc /RTC1 /MDd /GS /fp:precise /Zc:wchar_t /Zc:forScope /Fo"Debug\\" /Fd"Debug\vc120.pdb" /Gd /TP /analyze- /errorReport:prompt main.cpp
         main.cpp
     1>c:\users\obser\onedrive\documents\working\fdtd\fdtd-cuda-2d\fdtd-2d-cuda\fdtd-2d-cuda\h.h(21): warning C4244: 'initializing' : conversion from 'double' to 'const float', possible loss of data
       Link:
         C:\Program Files (x86)\Microsoft Visual Studio 12.0\VC\bin\link.exe /ERRORREPORT:PROMPT /OUT:"C:\Users\obser\OneDrive\Documents\working\FDTD\FDTD-CUDA-2D\FDTD-2D-CUDA\Debug\FDTD-2D-CUDA.exe" /INCREMENTAL /NOLOGO /LIBPATH:"C:\Program Files\NVIDIA GPU Computing Toolkit\CUDA\v7.5\lib\Win32" cudart.lib kernel32.lib user32.lib gdi32.lib winspool.lib comdlg32.lib advapi32.lib shell32.lib ole32.lib oleaut32.lib uuid.lib odbc32.lib odbccp32.lib kernel32.lib user32.lib gdi32.lib winspool.lib comdlg32.lib advapi32.lib shell32.lib ole32.lib oleaut32.lib uuid.lib odbc32.lib odbccp32.lib /MANIFEST /MANIFESTUAC:"level='asInvoker' uiAccess='false'" /manifest:embed /DEBUG /PDB:"C:\Users\obser\OneDrive\Documents\working\FDTD\FDTD-CUDA-2D\FDTD-2D-CUDA\Debug\FDTD-2D-CUDA.pdb" /SUBSYSTEM:CONSOLE /TLBID:1 /DYNAMICBASE /NXCOMPAT /IMPLIB:"C:\Users\obser\OneDrive\Documents\working\FDTD\FDTD-CUDA-2D\FDTD-2D-CUDA\Debug\FDTD-2D-CUDA.lib" /MACHINE:X86 Debug\E.obj
         Debug\H.obj
         Debug\main.obj
         Debug\src.obj
         FDTD-2D-CUDA.vcxproj -> C:\Users\obser\OneDrive\Documents\working\FDTD\FDTD-CUDA-2D\FDTD-2D-CUDA\Debug\FDTD-2D-CUDA.exe
       PostBuildEvent:
         echo copy "C:\Program Files\NVIDIA GPU Computing Toolkit\CUDA\v7.5\bin\cudart*.dll" "C:\Users\obser\OneDrive\Documents\working\FDTD\FDTD-CUDA-2D\FDTD-2D-CUDA\Debug\"
         copy "C:\Program Files\NVIDIA GPU Computing Toolkit\CUDA\v7.5\bin\cudart*.dll" "C:\Users\obser\OneDrive\Documents\working\FDTD\FDTD-CUDA-2D\FDTD-2D-CUDA\Debug\"
         :VCEnd
         copy "C:\Program Files\NVIDIA GPU Computing Toolkit\CUDA\v7.5\bin\cudart*.dll" "C:\Users\obser\OneDrive\Documents\working\FDTD\FDTD-CUDA-2D\FDTD-2D-CUDA\Debug\"
         C:\Program Files\NVIDIA GPU Computing Toolkit\CUDA\v7.5\bin\cudart32_75.dll
         C:\Program Files\NVIDIA GPU Computing Toolkit\CUDA\v7.5\bin\cudart64_75.dll
                 2 file(s) copied.
     1>Done Building Project "C:\Users\obser\OneDrive\Documents\working\FDTD\FDTD-CUDA-2D\FDTD-2D-CUDA\FDTD-2D-CUDA\FDTD-2D-CUDA.vcxproj" (Build target(s)).

Build succeeded.

Time Elapsed 00:00:01.12
